[debug] [2025-10-15T20:40:09.661Z] ----------------------------------------------------------------------
[debug] [2025-10-15T20:40:09.663Z] Command:       /home/lipe-alves/.nvm/versions/node/v22.20.0/bin/node /home/lipe-alves/.nvm/versions/node/v22.20.0/bin/firebase serve --port 5000 --only functions
[debug] [2025-10-15T20:40:09.663Z] CLI Version:   14.19.1
[debug] [2025-10-15T20:40:09.663Z] Platform:      linux
[debug] [2025-10-15T20:40:09.663Z] Node Version:  v22.20.0
[debug] [2025-10-15T20:40:09.664Z] Time:          Wed Oct 15 2025 17:40:09 GMT-0300 (Brasilia Standard Time)
[debug] [2025-10-15T20:40:09.664Z] ----------------------------------------------------------------------
[debug] 
[debug] [2025-10-15T20:40:09.889Z] > command requires scopes: ["email","openid","https://www.googleapis.com/auth/cloudplatformprojects.readonly","https://www.googleapis.com/auth/firebase","https://www.googleapis.com/auth/cloud-platform"]
[debug] [2025-10-15T20:40:09.890Z] > authorizing via signed-in user (felipe.contato.a@gmail.com)
[debug] [2025-10-15T20:40:09.890Z] [iam] checking project clini-appoint for permissions ["firebase.projects.get"]
[debug] [2025-10-15T20:40:09.891Z] Checked if tokens are valid: true, expires at: 1760564346008
[debug] [2025-10-15T20:40:09.891Z] Checked if tokens are valid: true, expires at: 1760564346008
[debug] [2025-10-15T20:40:09.892Z] >>> [apiv2][query] POST https://cloudresourcemanager.googleapis.com/v1/projects/clini-appoint:testIamPermissions [none]
[debug] [2025-10-15T20:40:09.892Z] >>> [apiv2][(partial)header] POST https://cloudresourcemanager.googleapis.com/v1/projects/clini-appoint:testIamPermissions x-goog-quota-user=projects/clini-appoint
[debug] [2025-10-15T20:40:09.892Z] >>> [apiv2][body] POST https://cloudresourcemanager.googleapis.com/v1/projects/clini-appoint:testIamPermissions {"permissions":["firebase.projects.get"]}
[debug] [2025-10-15T20:40:10.845Z] <<< [apiv2][status] POST https://cloudresourcemanager.googleapis.com/v1/projects/clini-appoint:testIamPermissions 200
[debug] [2025-10-15T20:40:10.845Z] <<< [apiv2][body] POST https://cloudresourcemanager.googleapis.com/v1/projects/clini-appoint:testIamPermissions {"permissions":["firebase.projects.get"]}
[debug] [2025-10-15T20:40:10.846Z] Checked if tokens are valid: true, expires at: 1760564346008
[debug] [2025-10-15T20:40:10.846Z] Checked if tokens are valid: true, expires at: 1760564346008
[debug] [2025-10-15T20:40:10.847Z] >>> [apiv2][query] GET https://cloudresourcemanager.googleapis.com/v1/projects/clini-appoint [none]
[debug] [2025-10-15T20:40:11.072Z] <<< [apiv2][status] GET https://cloudresourcemanager.googleapis.com/v1/projects/clini-appoint 200
[debug] [2025-10-15T20:40:11.072Z] <<< [apiv2][body] GET https://cloudresourcemanager.googleapis.com/v1/projects/clini-appoint {"projectNumber":"295949390393","projectId":"clini-appoint","lifecycleState":"ACTIVE","name":"clini-appoint","labels":{"firebase":"enabled","firebase-core":"disabled"},"createTime":"2025-10-15T17:36:58.533490Z"}
[debug] [2025-10-15T20:40:11.130Z] defaultcredentials: writing to file /home/lipe-alves/.config/firebase/felipe_contato.a_gmail.com_application_default_credentials.json
[debug] [2025-10-15T20:40:11.133Z] Setting GAC to /home/lipe-alves/.config/firebase/felipe_contato.a_gmail.com_application_default_credentials.json {"metadata":{"emulator":{"name":"functions"},"message":"Setting GAC to /home/lipe-alves/.config/firebase/felipe_contato.a_gmail.com_application_default_credentials.json"}}
[debug] [2025-10-15T20:40:11.134Z] Checked if tokens are valid: true, expires at: 1760564346008
[debug] [2025-10-15T20:40:11.134Z] Checked if tokens are valid: true, expires at: 1760564346008
[debug] [2025-10-15T20:40:11.134Z] >>> [apiv2][query] GET https://firebase.googleapis.com/v1beta1/projects/clini-appoint/adminSdkConfig [none]
[debug] [2025-10-15T20:40:11.637Z] <<< [apiv2][status] GET https://firebase.googleapis.com/v1beta1/projects/clini-appoint/adminSdkConfig 200
[debug] [2025-10-15T20:40:11.637Z] <<< [apiv2][body] GET https://firebase.googleapis.com/v1beta1/projects/clini-appoint/adminSdkConfig {"projectId":"clini-appoint","storageBucket":"clini-appoint.firebasestorage.app"}
[info] i  functions: Watching "/home/lipe-alves/projects/clini-appoint/server" for Cloud Functions... {"metadata":{"emulator":{"name":"functions"},"message":"Watching \"/home/lipe-alves/projects/clini-appoint/server\" for Cloud Functions..."}}
[debug] [2025-10-15T20:40:11.659Z] Validating nodejs source
[debug] [2025-10-15T20:40:12.186Z] > [functions] package.json contents: {
  "name": "functions",
  "scripts": {
    "prepare": "npm run build",
    "build": "rm -r build && tsc && node resolve-path-aliases.js",
    "build:watch": "tsc --watch",
    "serve": "npm run build && firebase serve --port 5000 --only functions",
    "shell": "npm run build && firebase functions:shell",
    "start": "npm run shell",
    "deploy": "firebase deploy --only functions",
    "logs": "firebase functions:log"
  },
  "engines": {
    "node": "22"
  },
  "main": "build/index.js",
  "dependencies": {
    "express": "^5.1.0",
    "firebase-admin": "^12.6.0",
    "firebase-functions": "^6.0.1",
    "module-alias": "^2.2.3"
  },
  "devDependencies": {
    "firebase-functions-test": "^3.1.0",
    "tsconfig-paths": "^4.2.0",
    "typescript": "^5.7.3"
  },
  "_moduleAliases": {
    "@root": "build"
  },
  "private": true
}
[debug] [2025-10-15T20:40:12.187Z] Building nodejs source
[debug] [2025-10-15T20:40:12.187Z] Failed to find version of module node: reached end of search path /home/lipe-alves/projects/clini-appoint/server/node_modules
[info] ✔  functions: Using node@22 from host. 
[info] i  functions: Loaded environment variables from .env. 
[debug] [2025-10-15T20:40:12.190Z] Could not find functions.yaml. Must use http discovery
[debug] [2025-10-15T20:40:12.193Z] Found firebase-functions binary at '/home/lipe-alves/projects/clini-appoint/server/node_modules/.bin/firebase-functions'
[info] Serving at port 8301

[debug] [2025-10-15T20:40:12.553Z] Got response from /__/functions.yaml {"endpoints":{"api":{"availableMemoryMb":null,"timeoutSeconds":null,"minInstances":null,"maxInstances":10,"ingressSettings":null,"concurrency":null,"serviceAccountEmail":null,"vpc":null,"platform":"gcfv2","labels":{},"httpsTrigger":{},"entryPoint":"api"}},"specVersion":"v1alpha1","requiredAPIs":[],"extensions":{}}
[debug] [2025-10-15T20:40:14.267Z] File /home/lipe-alves/projects/clini-appoint/server/resolve-path-aliases.js changed, reloading triggers {"metadata":{"emulator":{"name":"functions"},"message":"File /home/lipe-alves/projects/clini-appoint/server/resolve-path-aliases.js changed, reloading triggers"}}
[debug] [2025-10-15T20:40:15.268Z] Validating nodejs source
[debug] [2025-10-15T20:40:15.771Z] > [functions] package.json contents: {
  "name": "functions",
  "scripts": {
    "prepare": "npm run build",
    "build": "rm -r build && tsc && node resolve-path-aliases.js",
    "build:watch": "tsc --watch",
    "serve": "npm run build && firebase serve --port 5000 --only functions",
    "shell": "npm run build && firebase functions:shell",
    "start": "npm run shell",
    "deploy": "firebase deploy --only functions",
    "logs": "firebase functions:log"
  },
  "engines": {
    "node": "22"
  },
  "main": "build/index.js",
  "dependencies": {
    "express": "^5.1.0",
    "firebase-admin": "^12.6.0",
    "firebase-functions": "^6.0.1",
    "module-alias": "^2.2.3"
  },
  "devDependencies": {
    "firebase-functions-test": "^3.1.0",
    "tsconfig-paths": "^4.2.0",
    "typescript": "^5.7.3"
  },
  "_moduleAliases": {
    "@root": "build"
  },
  "private": true
}
[debug] [2025-10-15T20:40:15.771Z] Building nodejs source
[debug] [2025-10-15T20:40:15.771Z] Failed to find version of module node: reached end of search path /home/lipe-alves/projects/clini-appoint/server/node_modules
[info] ✔  functions: Using node@22 from host. 
[info] i  functions: Loaded environment variables from .env. 
[debug] [2025-10-15T20:40:15.772Z] Could not find functions.yaml. Must use http discovery
[debug] [2025-10-15T20:40:15.773Z] Found firebase-functions binary at '/home/lipe-alves/projects/clini-appoint/server/node_modules/.bin/firebase-functions'
[info] Serving at port 8241

[debug] [2025-10-15T20:40:16.137Z] Got response from /__/functions.yaml {"endpoints":{"api":{"availableMemoryMb":null,"timeoutSeconds":null,"minInstances":null,"maxInstances":10,"ingressSettings":null,"concurrency":null,"serviceAccountEmail":null,"vpc":null,"platform":"gcfv2","labels":{},"httpsTrigger":{},"entryPoint":"api"}},"specVersion":"v1alpha1","requiredAPIs":[],"extensions":{}}
[debug] [2025-10-15T20:40:16.377Z] File /home/lipe-alves/projects/clini-appoint/server/resolve-path-aliases.js changed, reloading triggers {"metadata":{"emulator":{"name":"functions"},"message":"File /home/lipe-alves/projects/clini-appoint/server/resolve-path-aliases.js changed, reloading triggers"}}
[info] ✔  functions: Loaded functions definitions from source: api. {"metadata":{"emulator":{"name":"functions"},"message":"Loaded functions definitions from source: api."}}
[info] ✔  functions[us-central1-api]: http function initialized (http://localhost:5000/clini-appoint/us-central1/api). {"metadata":{"emulator":{"name":"functions"},"message":"\u001b[1mhttp\u001b[22m function initialized (http://localhost:5000/clini-appoint/us-central1/api)."}}
[debug] [2025-10-15T20:40:17.377Z] Validating nodejs source
[debug] [2025-10-15T20:40:17.876Z] > [functions] package.json contents: {
  "name": "functions",
  "scripts": {
    "prepare": "npm run build",
    "build": "rm -r build && tsc && node resolve-path-aliases.js",
    "build:watch": "tsc --watch",
    "serve": "npm run build && firebase serve --port 5000 --only functions",
    "shell": "npm run build && firebase functions:shell",
    "start": "npm run shell",
    "deploy": "firebase deploy --only functions",
    "logs": "firebase functions:log"
  },
  "engines": {
    "node": "22"
  },
  "main": "build/index.js",
  "dependencies": {
    "express": "^5.1.0",
    "firebase-admin": "^12.6.0",
    "firebase-functions": "^6.0.1",
    "module-alias": "^2.2.3"
  },
  "devDependencies": {
    "firebase-functions-test": "^3.1.0",
    "tsconfig-paths": "^4.2.0",
    "typescript": "^5.7.3"
  },
  "_moduleAliases": {
    "@root": "build"
  },
  "private": true
}
[debug] [2025-10-15T20:40:17.876Z] Building nodejs source
[debug] [2025-10-15T20:40:17.876Z] Failed to find version of module node: reached end of search path /home/lipe-alves/projects/clini-appoint/server/node_modules
[info] ✔  functions: Using node@22 from host. 
[info] i  functions: Loaded environment variables from .env. 
[debug] [2025-10-15T20:40:17.877Z] Could not find functions.yaml. Must use http discovery
[debug] [2025-10-15T20:40:17.879Z] Found firebase-functions binary at '/home/lipe-alves/projects/clini-appoint/server/node_modules/.bin/firebase-functions'
[info] Serving at port 8245

[debug] [2025-10-15T20:40:18.229Z] Got response from /__/functions.yaml {"endpoints":{"api":{"availableMemoryMb":null,"timeoutSeconds":null,"minInstances":null,"maxInstances":10,"ingressSettings":null,"concurrency":null,"serviceAccountEmail":null,"vpc":null,"platform":"gcfv2","labels":{},"httpsTrigger":{},"entryPoint":"api"}},"specVersion":"v1alpha1","requiredAPIs":[],"extensions":{}}
[debug] [2025-10-15T20:40:18.579Z] File /home/lipe-alves/projects/clini-appoint/server/resolve-path-aliases.js changed, reloading triggers {"metadata":{"emulator":{"name":"functions"},"message":"File /home/lipe-alves/projects/clini-appoint/server/resolve-path-aliases.js changed, reloading triggers"}}
[debug] [2025-10-15T20:40:19.580Z] Validating nodejs source
[debug] [2025-10-15T20:40:20.061Z] > [functions] package.json contents: {
  "name": "functions",
  "scripts": {
    "prepare": "npm run build",
    "build": "rm -r build && tsc && node resolve-path-aliases.js",
    "build:watch": "tsc --watch",
    "serve": "npm run build && firebase serve --port 5000 --only functions",
    "shell": "npm run build && firebase functions:shell",
    "start": "npm run shell",
    "deploy": "firebase deploy --only functions",
    "logs": "firebase functions:log"
  },
  "engines": {
    "node": "22"
  },
  "main": "build/index.js",
  "dependencies": {
    "express": "^5.1.0",
    "firebase-admin": "^12.6.0",
    "firebase-functions": "^6.0.1",
    "module-alias": "^2.2.3"
  },
  "devDependencies": {
    "firebase-functions-test": "^3.1.0",
    "tsconfig-paths": "^4.2.0",
    "typescript": "^5.7.3"
  },
  "_moduleAliases": {
    "@root": "build"
  },
  "private": true
}
[debug] [2025-10-15T20:40:20.061Z] Building nodejs source
[debug] [2025-10-15T20:40:20.062Z] Failed to find version of module node: reached end of search path /home/lipe-alves/projects/clini-appoint/server/node_modules
[info] ✔  functions: Using node@22 from host. 
[info] i  functions: Loaded environment variables from .env. 
[debug] [2025-10-15T20:40:20.062Z] Could not find functions.yaml. Must use http discovery
[debug] [2025-10-15T20:40:20.064Z] Found firebase-functions binary at '/home/lipe-alves/projects/clini-appoint/server/node_modules/.bin/firebase-functions'
[info] ✔  functions: Loaded functions definitions from source: api. {"metadata":{"emulator":{"name":"functions"},"message":"Loaded functions definitions from source: api."}}
[info] Serving at port 8751

[debug] [2025-10-15T20:40:20.408Z] Got response from /__/functions.yaml {"endpoints":{"api":{"availableMemoryMb":null,"timeoutSeconds":null,"minInstances":null,"maxInstances":10,"ingressSettings":null,"concurrency":null,"serviceAccountEmail":null,"vpc":null,"platform":"gcfv2","labels":{},"httpsTrigger":{},"entryPoint":"api"}},"specVersion":"v1alpha1","requiredAPIs":[],"extensions":{}}
[debug] [2025-10-15T20:40:20.587Z] File /home/lipe-alves/projects/clini-appoint/server/resolve-path-aliases.js changed, reloading triggers {"metadata":{"emulator":{"name":"functions"},"message":"File /home/lipe-alves/projects/clini-appoint/server/resolve-path-aliases.js changed, reloading triggers"}}
[debug] [2025-10-15T20:40:21.592Z] Validating nodejs source
[debug] [2025-10-15T20:40:22.049Z] > [functions] package.json contents: {
  "name": "functions",
  "scripts": {
    "prepare": "npm run build",
    "build": "rm -r build && tsc && node resolve-path-aliases.js",
    "build:watch": "tsc --watch",
    "serve": "npm run build && firebase serve --port 5000 --only functions",
    "shell": "npm run build && firebase functions:shell",
    "start": "npm run shell",
    "deploy": "firebase deploy --only functions",
    "logs": "firebase functions:log"
  },
  "engines": {
    "node": "22"
  },
  "main": "build/index.js",
  "dependencies": {
    "express": "^5.1.0",
    "firebase-admin": "^12.6.0",
    "firebase-functions": "^6.0.1",
    "module-alias": "^2.2.3"
  },
  "devDependencies": {
    "firebase-functions-test": "^3.1.0",
    "tsconfig-paths": "^4.2.0",
    "typescript": "^5.7.3"
  },
  "_moduleAliases": {
    "@root": "build"
  },
  "private": true
}
[debug] [2025-10-15T20:40:22.049Z] Building nodejs source
[debug] [2025-10-15T20:40:22.050Z] Failed to find version of module node: reached end of search path /home/lipe-alves/projects/clini-appoint/server/node_modules
[info] ✔  functions: Using node@22 from host. 
[info] i  functions: Loaded environment variables from .env. 
[debug] [2025-10-15T20:40:22.051Z] Could not find functions.yaml. Must use http discovery
[debug] [2025-10-15T20:40:22.052Z] Found firebase-functions binary at '/home/lipe-alves/projects/clini-appoint/server/node_modules/.bin/firebase-functions'
[info] Serving at port 8915

[info] ✔  functions: Loaded functions definitions from source: api. {"metadata":{"emulator":{"name":"functions"},"message":"Loaded functions definitions from source: api."}}
[debug] [2025-10-15T20:40:22.411Z] Got response from /__/functions.yaml {"endpoints":{"api":{"availableMemoryMb":null,"timeoutSeconds":null,"minInstances":null,"maxInstances":10,"ingressSettings":null,"concurrency":null,"serviceAccountEmail":null,"vpc":null,"platform":"gcfv2","labels":{},"httpsTrigger":{},"entryPoint":"api"}},"specVersion":"v1alpha1","requiredAPIs":[],"extensions":{}}
[info] ✔  functions: Loaded functions definitions from source: api. {"metadata":{"emulator":{"name":"functions"},"message":"Loaded functions definitions from source: api."}}
[info] ✔  functions: Loaded functions definitions from source: api. {"metadata":{"emulator":{"name":"functions"},"message":"Loaded functions definitions from source: api."}}
[debug] [2025-10-15T20:40:27.110Z] [work-queue] {"queuedWork":["/clini-appoint/us-central1/api/web/tests/ping-2025-10-15T20:40:27.110Z"],"queueLength":1,"runningWork":[],"workRunningCount":0}
[debug] [2025-10-15T20:40:27.111Z] [work-queue] {"queuedWork":[],"queueLength":0,"runningWork":["/clini-appoint/us-central1/api/web/tests/ping-2025-10-15T20:40:27.110Z"],"workRunningCount":1}
[debug] [2025-10-15T20:40:27.112Z] Accepted request GET /clini-appoint/us-central1/api/web/tests/ping --> us-central1-api
[debug] [2025-10-15T20:40:27.116Z] [functions] Runtime ready! Sending request! {"metadata":{"emulator":{"name":"functions"},"message":"[functions] Runtime ready! Sending request!"}}
[debug] [2025-10-15T20:40:27.117Z] [functions] Got req.url=/clini-appoint/us-central1/api/web/tests/ping, mapping to path=/web/tests/ping {"metadata":{"emulator":{"name":"functions"},"message":"[functions] Got req.url=/clini-appoint/us-central1/api/web/tests/ping, mapping to path=/web/tests/ping"}}
[info] i  functions: Loaded environment variables from .env. 
[debug] [2025-10-15T20:40:27.127Z] [worker-pool] addWorker(us-central1-api) {"metadata":{"emulator":{"name":"functions"},"message":"[worker-pool] addWorker(us-central1-api)"}}
[debug] [2025-10-15T20:40:27.128Z] [worker-pool] Adding worker with key us-central1-api, total=1 {"metadata":{"emulator":{"name":"functions"},"message":"[worker-pool] Adding worker with key us-central1-api, total=1"}}
[debug] [2025-10-15T20:40:27.729Z] [runtime-status] [26028] Resolved module firebase-admin {"declared":true,"installed":true,"version":"12.7.0","resolution":"/home/lipe-alves/projects/clini-appoint/server/node_modules/firebase-admin/lib/index.js"} {"metadata":{"emulator":{"name":"functions"},"function":{"name":"us-central1-api"},"extension":{},"message":"[runtime-status] [26028] Resolved module firebase-admin {\"declared\":true,\"installed\":true,\"version\":\"12.7.0\",\"resolution\":\"/home/lipe-alves/projects/clini-appoint/server/node_modules/firebase-admin/lib/index.js\"}"}}
[debug] [2025-10-15T20:40:27.729Z] [runtime-status] [26028] Resolved module firebase-functions {"declared":true,"installed":true,"version":"6.5.0","resolution":"/home/lipe-alves/projects/clini-appoint/server/node_modules/firebase-functions/lib/v2/index.js"} {"metadata":{"emulator":{"name":"functions"},"function":{"name":"us-central1-api"},"extension":{},"message":"[runtime-status] [26028] Resolved module firebase-functions {\"declared\":true,\"installed\":true,\"version\":\"6.5.0\",\"resolution\":\"/home/lipe-alves/projects/clini-appoint/server/node_modules/firebase-functions/lib/v2/index.js\"}"}}
[debug] [2025-10-15T20:40:27.730Z] [runtime-status] [26028] Outgoing network have been stubbed. [{"name":"http","status":"mocked"},{"name":"http","status":"mocked"},{"name":"https","status":"mocked"},{"name":"https","status":"mocked"},{"name":"net","status":"mocked"}] {"metadata":{"emulator":{"name":"functions"},"function":{"name":"us-central1-api"},"extension":{},"message":"[runtime-status] [26028] Outgoing network have been stubbed. [{\"name\":\"http\",\"status\":\"mocked\"},{\"name\":\"http\",\"status\":\"mocked\"},{\"name\":\"https\",\"status\":\"mocked\"},{\"name\":\"https\",\"status\":\"mocked\"},{\"name\":\"net\",\"status\":\"mocked\"}]"}}
[debug] [2025-10-15T20:40:27.730Z] [runtime-status] [26028] Resolved module firebase-functions {"declared":true,"installed":true,"version":"6.5.0","resolution":"/home/lipe-alves/projects/clini-appoint/server/node_modules/firebase-functions/lib/v2/index.js"} {"metadata":{"emulator":{"name":"functions"},"function":{"name":"us-central1-api"},"extension":{},"message":"[runtime-status] [26028] Resolved module firebase-functions {\"declared\":true,\"installed\":true,\"version\":\"6.5.0\",\"resolution\":\"/home/lipe-alves/projects/clini-appoint/server/node_modules/firebase-functions/lib/v2/index.js\"}"}}
[debug] [2025-10-15T20:40:27.891Z] [runtime-status] [26028] Checked functions.config() {"config":{}} {"metadata":{"emulator":{"name":"functions"},"function":{"name":"us-central1-api"},"extension":{},"message":"[runtime-status] [26028] Checked functions.config() {\"config\":{}}"}}
[debug] [2025-10-15T20:40:27.891Z] [runtime-status] [26028] firebase-functions has been stubbed. {"functionsResolution":{"declared":true,"installed":true,"version":"6.5.0","resolution":"/home/lipe-alves/projects/clini-appoint/server/node_modules/firebase-functions/lib/v2/index.js"}} {"metadata":{"emulator":{"name":"functions"},"function":{"name":"us-central1-api"},"extension":{},"message":"[runtime-status] [26028] firebase-functions has been stubbed. {\"functionsResolution\":{\"declared\":true,\"installed\":true,\"version\":\"6.5.0\",\"resolution\":\"/home/lipe-alves/projects/clini-appoint/server/node_modules/firebase-functions/lib/v2/index.js\"}}"}}
[debug] [2025-10-15T20:40:27.892Z] [runtime-status] [26028] Resolved module firebase-functions {"declared":true,"installed":true,"version":"6.5.0","resolution":"/home/lipe-alves/projects/clini-appoint/server/node_modules/firebase-functions/lib/v2/index.js"} {"metadata":{"emulator":{"name":"functions"},"function":{"name":"us-central1-api"},"extension":{},"message":"[runtime-status] [26028] Resolved module firebase-functions {\"declared\":true,\"installed\":true,\"version\":\"6.5.0\",\"resolution\":\"/home/lipe-alves/projects/clini-appoint/server/node_modules/firebase-functions/lib/v2/index.js\"}"}}
[debug] [2025-10-15T20:40:27.894Z] [runtime-status] [26028] Resolved module firebase-admin {"declared":true,"installed":true,"version":"12.7.0","resolution":"/home/lipe-alves/projects/clini-appoint/server/node_modules/firebase-admin/lib/index.js"} {"metadata":{"emulator":{"name":"functions"},"function":{"name":"us-central1-api"},"extension":{},"message":"[runtime-status] [26028] Resolved module firebase-admin {\"declared\":true,\"installed\":true,\"version\":\"12.7.0\",\"resolution\":\"/home/lipe-alves/projects/clini-appoint/server/node_modules/firebase-admin/lib/index.js\"}"}}
[debug] [2025-10-15T20:40:27.895Z] [runtime-status] [26028] Resolved module firebase-functions {"declared":true,"installed":true,"version":"6.5.0","resolution":"/home/lipe-alves/projects/clini-appoint/server/node_modules/firebase-functions/lib/v2/index.js"} {"metadata":{"emulator":{"name":"functions"},"function":{"name":"us-central1-api"},"extension":{},"message":"[runtime-status] [26028] Resolved module firebase-functions {\"declared\":true,\"installed\":true,\"version\":\"6.5.0\",\"resolution\":\"/home/lipe-alves/projects/clini-appoint/server/node_modules/firebase-functions/lib/v2/index.js\"}"}}
[debug] [2025-10-15T20:40:27.895Z] [runtime-status] [26028] firebase-admin has been stubbed. {"adminResolution":{"declared":true,"installed":true,"version":"12.7.0","resolution":"/home/lipe-alves/projects/clini-appoint/server/node_modules/firebase-admin/lib/index.js"}} {"metadata":{"emulator":{"name":"functions"},"function":{"name":"us-central1-api"},"extension":{},"message":"[runtime-status] [26028] firebase-admin has been stubbed. {\"adminResolution\":{\"declared\":true,\"installed\":true,\"version\":\"12.7.0\",\"resolution\":\"/home/lipe-alves/projects/clini-appoint/server/node_modules/firebase-admin/lib/index.js\"}}"}}
[debug] [2025-10-15T20:40:27.972Z] [runtime-status] [26028] Functions runtime initialized. {"cwd":"/home/lipe-alves/projects/clini-appoint/server","node_version":"22.20.0"} {"metadata":{"emulator":{"name":"functions"},"function":{"name":"us-central1-api"},"extension":{},"message":"[runtime-status] [26028] Functions runtime initialized. {\"cwd\":\"/home/lipe-alves/projects/clini-appoint/server\",\"node_version\":\"22.20.0\"}"}}
[debug] [2025-10-15T20:40:27.972Z] [runtime-status] [26028] Listening to port: /tmp/fire_emu_c8d243f71b4bc248.sock {"metadata":{"emulator":{"name":"functions"},"function":{"name":"us-central1-api"},"extension":{},"message":"[runtime-status] [26028] Listening to port: /tmp/fire_emu_c8d243f71b4bc248.sock"}}
[debug] [2025-10-15T20:40:28.053Z] [worker-us-central1-api-a600d798-d940-4d6b-b9ee-36f7fbd88e7f]: IDLE {"metadata":{"emulator":{"name":"functions"},"function":{"name":"us-central1-api"},"extension":{},"message":"[worker-us-central1-api-a600d798-d940-4d6b-b9ee-36f7fbd88e7f]: IDLE"}}
[debug] [2025-10-15T20:40:28.054Z] [worker-pool] submitRequest(triggerId=us-central1-api) {"metadata":{"emulator":{"name":"functions"},"message":"[worker-pool] submitRequest(triggerId=us-central1-api)"}}
[info] i  functions: Beginning execution of "us-central1-api" {"metadata":{"emulator":{"name":"functions"},"function":{"name":"us-central1-api"},"extension":{},"message":"Beginning execution of \"us-central1-api\""}}
[debug] [2025-10-15T20:40:28.055Z] [worker-us-central1-api-a600d798-d940-4d6b-b9ee-36f7fbd88e7f]: BUSY {"metadata":{"emulator":{"name":"functions"},"function":{"name":"us-central1-api"},"extension":{},"message":"[worker-us-central1-api-a600d798-d940-4d6b-b9ee-36f7fbd88e7f]: BUSY"}}
[debug] [2025-10-15T20:40:28.066Z] Finishing up request with event=pause {"metadata":{"emulator":{"name":"functions"},"function":{"name":"us-central1-api"},"extension":{},"message":"Finishing up request with event=pause"}}
[info] i  functions: Finished "us-central1-api" in 11.734783ms {"metadata":{"emulator":{"name":"functions"},"function":{"name":"us-central1-api"},"extension":{},"message":"Finished \"us-central1-api\" in 11.734783ms"}}
[debug] [2025-10-15T20:40:28.067Z] [worker-us-central1-api-a600d798-d940-4d6b-b9ee-36f7fbd88e7f]: IDLE {"metadata":{"emulator":{"name":"functions"},"function":{"name":"us-central1-api"},"extension":{},"message":"[worker-us-central1-api-a600d798-d940-4d6b-b9ee-36f7fbd88e7f]: IDLE"}}
[debug] [2025-10-15T20:40:28.067Z] Finishing up request with event=finish {"metadata":{"emulator":{"name":"functions"},"function":{"name":"us-central1-api"},"extension":{},"message":"Finishing up request with event=finish"}}
[debug] [2025-10-15T20:40:28.067Z] Finishing up request with event=close {"metadata":{"emulator":{"name":"functions"},"function":{"name":"us-central1-api"},"extension":{},"message":"Finishing up request with event=close"}}
[debug] [2025-10-15T20:40:28.067Z] [work-queue] {"queuedWork":[],"queueLength":0,"runningWork":[],"workRunningCount":0}
[debug] [2025-10-15T20:40:32.808Z] Functions emulator received unknown request at path /.well-known/appspecific/com.chrome.devtools.json
[debug] [2025-10-15T20:40:35.107Z] [work-queue] {"queuedWork":["/clini-appoint/us-central1/api/web/tests/ping-2025-10-15T20:40:35.107Z"],"queueLength":1,"runningWork":[],"workRunningCount":0}
[debug] [2025-10-15T20:40:35.108Z] [work-queue] {"queuedWork":[],"queueLength":0,"runningWork":["/clini-appoint/us-central1/api/web/tests/ping-2025-10-15T20:40:35.107Z"],"workRunningCount":1}
[debug] [2025-10-15T20:40:35.108Z] Accepted request GET /clini-appoint/us-central1/api/web/tests/ping --> us-central1-api
[debug] [2025-10-15T20:40:35.110Z] [functions] Runtime ready! Sending request! {"metadata":{"emulator":{"name":"functions"},"message":"[functions] Runtime ready! Sending request!"}}
[debug] [2025-10-15T20:40:35.110Z] [functions] Got req.url=/clini-appoint/us-central1/api/web/tests/ping, mapping to path=/web/tests/ping {"metadata":{"emulator":{"name":"functions"},"message":"[functions] Got req.url=/clini-appoint/us-central1/api/web/tests/ping, mapping to path=/web/tests/ping"}}
[debug] [2025-10-15T20:40:35.110Z] [worker-pool] submitRequest(triggerId=us-central1-api) {"metadata":{"emulator":{"name":"functions"},"message":"[worker-pool] submitRequest(triggerId=us-central1-api)"}}
[info] i  functions: Beginning execution of "us-central1-api" {"metadata":{"emulator":{"name":"functions"},"function":{"name":"us-central1-api"},"extension":{},"message":"Beginning execution of \"us-central1-api\""}}
[debug] [2025-10-15T20:40:35.111Z] [worker-us-central1-api-a600d798-d940-4d6b-b9ee-36f7fbd88e7f]: BUSY {"metadata":{"emulator":{"name":"functions"},"function":{"name":"us-central1-api"},"extension":{},"message":"[worker-us-central1-api-a600d798-d940-4d6b-b9ee-36f7fbd88e7f]: BUSY"}}
[debug] [2025-10-15T20:40:35.117Z] Finishing up request with event=pause {"metadata":{"emulator":{"name":"functions"},"function":{"name":"us-central1-api"},"extension":{},"message":"Finishing up request with event=pause"}}
[info] i  functions: Finished "us-central1-api" in 5.826201ms {"metadata":{"emulator":{"name":"functions"},"function":{"name":"us-central1-api"},"extension":{},"message":"Finished \"us-central1-api\" in 5.826201ms"}}
[debug] [2025-10-15T20:40:35.117Z] [worker-us-central1-api-a600d798-d940-4d6b-b9ee-36f7fbd88e7f]: IDLE {"metadata":{"emulator":{"name":"functions"},"function":{"name":"us-central1-api"},"extension":{},"message":"[worker-us-central1-api-a600d798-d940-4d6b-b9ee-36f7fbd88e7f]: IDLE"}}
[debug] [2025-10-15T20:40:35.117Z] Finishing up request with event=finish {"metadata":{"emulator":{"name":"functions"},"function":{"name":"us-central1-api"},"extension":{},"message":"Finishing up request with event=finish"}}
[debug] [2025-10-15T20:40:35.119Z] Finishing up request with event=close {"metadata":{"emulator":{"name":"functions"},"function":{"name":"us-central1-api"},"extension":{},"message":"Finishing up request with event=close"}}
[debug] [2025-10-15T20:40:35.119Z] [work-queue] {"queuedWork":[],"queueLength":0,"runningWork":[],"workRunningCount":0}
[debug] [2025-10-15T20:40:35.164Z] Functions emulator received unknown request at path /.well-known/appspecific/com.chrome.devtools.json
[debug] [2025-10-15T20:41:00.090Z] [work-queue] {"queuedWork":["/clini-appoint/us-central1/api/web/tests/ping-2025-10-15T20:41:00.090Z"],"queueLength":1,"runningWork":[],"workRunningCount":0}
[debug] [2025-10-15T20:41:00.091Z] [work-queue] {"queuedWork":[],"queueLength":0,"runningWork":["/clini-appoint/us-central1/api/web/tests/ping-2025-10-15T20:41:00.090Z"],"workRunningCount":1}
[debug] [2025-10-15T20:41:00.092Z] Accepted request GET /clini-appoint/us-central1/api/web/tests/ping?foo=bar --> us-central1-api
[debug] [2025-10-15T20:41:00.097Z] [functions] Runtime ready! Sending request! {"metadata":{"emulator":{"name":"functions"},"message":"[functions] Runtime ready! Sending request!"}}
[debug] [2025-10-15T20:41:00.097Z] [functions] Got req.url=/clini-appoint/us-central1/api/web/tests/ping?foo=bar, mapping to path=/web/tests/ping?foo=bar {"metadata":{"emulator":{"name":"functions"},"message":"[functions] Got req.url=/clini-appoint/us-central1/api/web/tests/ping?foo=bar, mapping to path=/web/tests/ping?foo=bar"}}
[debug] [2025-10-15T20:41:00.098Z] [worker-pool] submitRequest(triggerId=us-central1-api) {"metadata":{"emulator":{"name":"functions"},"message":"[worker-pool] submitRequest(triggerId=us-central1-api)"}}
[info] i  functions: Beginning execution of "us-central1-api" {"metadata":{"emulator":{"name":"functions"},"function":{"name":"us-central1-api"},"extension":{},"message":"Beginning execution of \"us-central1-api\""}}
[debug] [2025-10-15T20:41:00.099Z] [worker-us-central1-api-a600d798-d940-4d6b-b9ee-36f7fbd88e7f]: BUSY {"metadata":{"emulator":{"name":"functions"},"function":{"name":"us-central1-api"},"extension":{},"message":"[worker-us-central1-api-a600d798-d940-4d6b-b9ee-36f7fbd88e7f]: BUSY"}}
[debug] [2025-10-15T20:41:00.106Z] Finishing up request with event=pause {"metadata":{"emulator":{"name":"functions"},"function":{"name":"us-central1-api"},"extension":{},"message":"Finishing up request with event=pause"}}
[info] i  functions: Finished "us-central1-api" in 7.459714ms {"metadata":{"emulator":{"name":"functions"},"function":{"name":"us-central1-api"},"extension":{},"message":"Finished \"us-central1-api\" in 7.459714ms"}}
[debug] [2025-10-15T20:41:00.106Z] [worker-us-central1-api-a600d798-d940-4d6b-b9ee-36f7fbd88e7f]: IDLE {"metadata":{"emulator":{"name":"functions"},"function":{"name":"us-central1-api"},"extension":{},"message":"[worker-us-central1-api-a600d798-d940-4d6b-b9ee-36f7fbd88e7f]: IDLE"}}
[debug] [2025-10-15T20:41:00.107Z] Finishing up request with event=finish {"metadata":{"emulator":{"name":"functions"},"function":{"name":"us-central1-api"},"extension":{},"message":"Finishing up request with event=finish"}}
[debug] [2025-10-15T20:41:00.107Z] Finishing up request with event=close {"metadata":{"emulator":{"name":"functions"},"function":{"name":"us-central1-api"},"extension":{},"message":"Finishing up request with event=close"}}
[debug] [2025-10-15T20:41:00.107Z] [work-queue] {"queuedWork":[],"queueLength":0,"runningWork":[],"workRunningCount":0}
[debug] [2025-10-15T20:41:00.164Z] Functions emulator received unknown request at path /.well-known/appspecific/com.chrome.devtools.json
